2001.02.26 15:41 B C:\Documents and Settings\Administrator\My Documents\Careywebb\WWW\479FINALASSIGN.HTML <-- careywebb DISK$ENGL:[ACAREYWE.WWW] 479FINALASSIGN.HTML;7
2001.02.26 15:41 B C:\Documents and Settings\Administrator\My Documents\Careywebb\WWW\AFRICANLIT.HTML <-- careywebb DISK$ENGL:[ACAREYWE.WWW] AFRICANLIT.HTML;1
2001.02.26 15:41 B C:\Documents and Settings\Administrator\My Documents\Careywebb\WWW\AUTOETHNO.HTML <-- careywebb DISK$ENGL:[ACAREYWE.WWW] AUTOETHNO.HTML;5
2001.02.26 15:41 B C:\Documents and Settings\Administrator\My Documents\Careywebb\WWW\BARRED.GIF <-- careywebb DISK$ENGL:[ACAREYWE.WWW] BARRED.GIF;2
2001.02.26 15:41 B C:\Documents and Settings\Administrator\My Documents\Careywebb\WWW\CAREYWEBB1.HTML <-- careywebb DISK$ENGL:[ACAREYWE.WWW] CAREYWEBB1.HTML;1
2001.02.26 15:41 B C:\Documents and Settings\Administrator\My Documents\Careywebb\WWW\CLASS.JPG <-- careywebb DISK$ENGL:[ACAREYWE.WWW] CLASS.JPG;1
2001.02.26 15:41 B C:\Documents and Settings\Administrator\My Documents\Careywebb\WWW\CLASS2.JPG <-- careywebb DISK$ENGL:[ACAREYWE.WWW] CLASS2.JPG;1
2001.02.26 15:41 B C:\Documents and Settings\Administrator\My Documents\Careywebb\WWW\COMPUTER.GIF <-- careywebb DISK$ENGL:[ACAREYWE.WWW] COMPUTER.GIF;1
2001.02.26 15:41 B C:\Documents and Settings\Administrator\My Documents\Careywebb\WWW\COUNT.CGI <-- careywebb DISK$ENGL:[ACAREYWE.WWW] COUNT.CGI;4
2001.02.26 15:41 B C:\Documents and Settings\Administrator\My Documents\Careywebb\WWW\DISANALYSIS.HTML <-- careywebb DISK$ENGL:[ACAREYWE.WWW] DISANALYSIS.HTML;1
2001.02.26 15:41 B C:\Documents and Settings\Administrator\My Documents\Careywebb\WWW\DISCUSSION.HTML <-- careywebb DISK$ENGL:[ACAREYWE.WWW] DISCUSSION.HTML;2
2001.02.26 15:41 B C:\Documents and Settings\Administrator\My Documents\Careywebb\WWW\ENGL223.HTML <-- careywebb DISK$ENGL:[ACAREYWE.WWW] ENGL223.HTML;4
2001.02.26 15:41 B C:\Documents and Settings\Administrator\My Documents\Careywebb\WWW\ENGL479.HTML <-- careywebb DISK$ENGL:[ACAREYWE.WWW] ENGL479.HTML;26
2001.02.26 15:41 B C:\Documents and Settings\Administrator\My Documents\Careywebb\WWW\ENGL480.HTML <-- careywebb DISK$ENGL:[ACAREYWE.WWW] ENGL480.HTML;39
2001.02.26 15:41 B C:\Documents and Settings\Administrator\My Documents\Careywebb\WWW\ENGL480CONFER.HTML <-- careywebb DISK$ENGL:[ACAREYWE.WWW] ENGL480CONFER.HTML;5
2001.02.26 15:41 B C:\Documents and Settings\Administrator\My Documents\Careywebb\WWW\ENGL480DISC.HTML <-- careywebb DISK$ENGL:[ACAREYWE.WWW] ENGL480DISC.HTML;2
2001.02.26 15:41 B C:\Documents and Settings\Administrator\My Documents\Careywebb\WWW\ENGL480EVAL.HTML <-- careywebb DISK$ENGL:[ACAREYWE.WWW] ENGL480EVAL.HTML;2
2001.02.26 15:41 B C:\Documents and Settings\Administrator\My Documents\Careywebb\WWW\ENGL480EVALF.HTML <-- careywebb DISK$ENGL:[ACAREYWE.WWW] ENGL480EVALF.HTML;2
2001.02.26 15:41 B C:\Documents and Settings\Administrator\My Documents\Careywebb\WWW\ENGL480FINAL.HTML <-- careywebb DISK$ENGL:[ACAREYWE.WWW] ENGL480FINAL.HTML;3
2001.02.26 15:41 B C:\Documents and Settings\Administrator\My Documents\Careywebb\WWW\ENGL480GSITE.HTML <-- careywebb DISK$ENGL:[ACAREYWE.WWW] ENGL480GSITE.HTML;1
2001.02.26 15:41 B C:\Documents and Settings\Administrator\My Documents\Careywebb\WWW\ENGL480SITE.HTML <-- careywebb DISK$ENGL:[ACAREYWE.WWW] ENGL480SITE.HTML;15
2001.02.26 15:41 B C:\Documents and Settings\Administrator\My Documents\Careywebb\WWW\ENGL480SITEPUB.HTML <-- careywebb DISK$ENGL:[ACAREYWE.WWW] ENGL480SITEPUB.HTML;5
2001.02.26 15:41 B C:\Documents and Settings\Administrator\My Documents\Careywebb\WWW\ENGL480SLED.HTML <-- careywebb DISK$ENGL:[ACAREYWE.WWW] ENGL480SLED.HTML;2
2001.02.26 15:41 B C:\Documents and Settings\Administrator\My Documents\Careywebb\WWW\ENGL539.HTML <-- careywebb DISK$ENGL:[ACAREYWE.WWW] ENGL539.HTML;17
2001.02.26 15:41 B C:\Documents and Settings\Administrator\My Documents\Careywebb\WWW\ENGL539SITE.HTML <-- careywebb DISK$ENGL:[ACAREYWE.WWW] ENGL539SITE.HTML;1
2001.02.26 15:41 B C:\Documents and Settings\Administrator\My Documents\Careywebb\WWW\ENGL539WEB.HTML <-- careywebb DISK$ENGL:[ACAREYWE.WWW] ENGL539WEB.HTML;1
2001.02.26 15:41 B C:\Documents and Settings\Administrator\My Documents\Careywebb\WWW\ENGL583.HTML <-- careywebb DISK$ENGL:[ACAREYWE.WWW] ENGL583.HTML;3
2001.02.26 15:41 B C:\Documents and Settings\Administrator\My Documents\Careywebb\WWW\ENGL610.HTML <-- careywebb DISK$ENGL:[ACAREYWE.WWW] ENGL610.HTML;2
2001.02.26 15:41 B C:\Documents and Settings\Administrator\My Documents\Careywebb\WWW\ENGL680.HTML <-- careywebb DISK$ENGL:[ACAREYWE.WWW] ENGL680.HTML;8
2001.02.26 15:41 B C:\Documents and Settings\Administrator\My Documents\Careywebb\WWW\ENGLED.HTML <-- careywebb DISK$ENGL:[ACAREYWE.WWW] ENGLED.HTML;22
2001.02.26 15:41 B C:\Documents and Settings\Administrator\My Documents\Careywebb\WWW\FAMILY99.JPG <-- careywebb DISK$ENGL:[ACAREYWE.WWW] FAMILY99.JPG;1
2001.02.26 15:41 B C:\Documents and Settings\Administrator\My Documents\Careywebb\WWW\FLECK.GIF <-- careywebb DISK$ENGL:[ACAREYWE.WWW] FLECK.GIF;2
2001.02.26 15:41 B C:\Documents and Settings\Administrator\My Documents\Careywebb\WWW\HOMEWORK.HTML <-- careywebb DISK$ENGL:[ACAREYWE.WWW] HOMEWORK.HTML;7
2001.02.26 15:41 B C:\Documents and Settings\Administrator\My Documents\Careywebb\WWW\HUCK.HTML <-- careywebb DISK$ENGL:[ACAREYWE.WWW] HUCK.HTML;7
2001.02.26 15:41 B C:\Documents and Settings\Administrator\My Documents\Careywebb\WWW\INDEX.BKP <-- careywebb DISK$ENGL:[ACAREYWE.WWW] INDEX.BKP;1
2001.02.26 15:41 B C:\Documents and Settings\Administrator\My Documents\Careywebb\WWW\INDEX.HTML <-- careywebb DISK$ENGL:[ACAREYWE.WWW] INDEX.HTML;62
2001.02.26 15:41 B C:\Documents and Settings\Administrator\My Documents\Careywebb\WWW\INTERNTIPS.HTML <-- careywebb DISK$ENGL:[ACAREYWE.WWW] INTERNTIPS.HTML;4
2001.02.26 15:41 B C:\Documents and Settings\Administrator\My Documents\Careywebb\WWW\JOBADVICE.HTML <-- careywebb DISK$ENGL:[ACAREYWE.WWW] JOBADVICE.HTML;19
2001.02.26 15:41 B C:\Documents and Settings\Administrator\My Documents\Careywebb\WWW\JOEL.HTML <-- careywebb DISK$ENGL:[ACAREYWE.WWW] JOEL.HTML;3
2001.02.26 15:41 B C:\Documents and Settings\Administrator\My Documents\Careywebb\WWW\KIDSLIT.HTML <-- careywebb DISK$ENGL:[ACAREYWE.WWW] KIDSLIT.HTML;6
2001.02.26 15:41 B C:\Documents and Settings\Administrator\My Documents\Careywebb\WWW\LESSON.HTML <-- careywebb DISK$ENGL:[ACAREYWE.WWW] LESSON.HTML;3
2001.02.26 15:41 B C:\Documents and Settings\Administrator\My Documents\Careywebb\WWW\LITLIVE.HTML <-- careywebb DISK$ENGL:[ACAREYWE.WWW] LITLIVE.HTML;1
2001.02.26 15:41 B C:\Documents and Settings\Administrator\My Documents\Careywebb\WWW\LITLIVE1.HTML <-- careywebb DISK$ENGL:[ACAREYWE.WWW] LITLIVE1.HTML;1
2001.02.26 15:41 B C:\Documents and Settings\Administrator\My Documents\Careywebb\WWW\LITLIVE2.HTML <-- careywebb DISK$ENGL:[ACAREYWE.WWW] LITLIVE2.HTML;1
2001.02.26 15:41 B C:\Documents and Settings\Administrator\My Documents\Careywebb\WWW\LITLIVE3.HTML <-- careywebb DISK$ENGL:[ACAREYWE.WWW] LITLIVE3.HTML;1
2001.02.26 15:41 B C:\Documents and Settings\Administrator\My Documents\Careywebb\WWW\LITLIVE4.HTML <-- careywebb DISK$ENGL:[ACAREYWE.WWW] LITLIVE4.HTML;1
2001.02.26 15:41 B C:\Documents and Settings\Administrator\My Documents\Careywebb\WWW\LITLIVE5.HTML <-- careywebb DISK$ENGL:[ACAREYWE.WWW] LITLIVE5.HTML;2
2001.02.26 15:41 B C:\Documents and Settings\Administrator\My Documents\Careywebb\WWW\LITLIVE6.HTML <-- careywebb DISK$ENGL:[ACAREYWE.WWW] LITLIVE6.HTML;1
2001.02.26 15:41 B C:\Documents and Settings\Administrator\My Documents\Careywebb\WWW\LITLIVE7.HTML <-- careywebb DISK$ENGL:[ACAREYWE.WWW] LITLIVE7.HTML;1
2001.02.26 15:41 B C:\Documents and Settings\Administrator\My Documents\Careywebb\WWW\LITLIVEAP.HTML <-- careywebb DISK$ENGL:[ACAREYWE.WWW] LITLIVEAP.HTML;1
2001.02.26 15:41 B C:\Documents and Settings\Administrator\My Documents\Careywebb\WWW\LITLIVEC.HTML <-- careywebb DISK$ENGL:[ACAREYWE.WWW] LITLIVEC.HTML;1
2001.02.26 15:41 B C:\Documents and Settings\Administrator\My Documents\Careywebb\WWW\LITLIVEF.HTML <-- careywebb DISK$ENGL:[ACAREYWE.WWW] LITLIVEF.HTML;1
2001.02.26 15:41 B C:\Documents and Settings\Administrator\My Documents\Careywebb\WWW\LITLIVES.HTML <-- careywebb DISK$ENGL:[ACAREYWE.WWW] LITLIVES.HTML;3
2001.02.26 15:41 B C:\Documents and Settings\Administrator\My Documents\Careywebb\WWW\LITLIVETC.HTML <-- careywebb DISK$ENGL:[ACAREYWE.WWW] LITLIVETC.HTML;1
2001.02.26 15:41 B C:\Documents and Settings\Administrator\My Documents\Careywebb\WWW\MAIL.GIF <-- careywebb DISK$ENGL:[ACAREYWE.WWW] MAIL.GIF;3
2001.02.26 15:41 B C:\Documents and Settings\Administrator\My Documents\Careywebb\WWW\MENCHU.HTML <-- careywebb DISK$ENGL:[ACAREYWE.WWW] MENCHU.HTML;2
2001.02.26 15:41 B C:\Documents and Settings\Administrator\My Documents\Careywebb\WWW\MOUNTAIN.GIF <-- careywebb DISK$ENGL:[ACAREYWE.WWW] MOUNTAIN.GIF;3
2001.02.26 15:41 B C:\Documents and Settings\Administrator\My Documents\Careywebb\WWW\MULTIBRIT.HTML <-- careywebb DISK$ENGL:[ACAREYWE.WWW] MULTIBRIT.HTML;2
2001.02.26 15:41 B C:\Documents and Settings\Administrator\My Documents\Careywebb\WWW\NEWTEACHER.HTML <-- careywebb DISK$ENGL:[ACAREYWE.WWW] NEWTEACHER.HTML;4
2001.02.26 15:41 B C:\Documents and Settings\Administrator\My Documents\Careywebb\WWW\PROFLIST.HTML <-- careywebb DISK$ENGL:[ACAREYWE.WWW] PROFLIST.HTML;5
2001.02.26 15:41 B C:\Documents and Settings\Administrator\My Documents\Careywebb\WWW\PT3.GIF <-- careywebb DISK$ENGL:[ACAREYWE.WWW] PT3.GIF;1
2001.02.26 15:41 B C:\Documents and Settings\Administrator\My Documents\Careywebb\WWW\PT3REQUEST.HTML <-- careywebb DISK$ENGL:[ACAREYWE.WWW] PT3REQUEST.HTML;1
2001.02.26 15:41 B C:\Documents and Settings\Administrator\My Documents\Careywebb\WWW\READINGLIST.HTML <-- careywebb DISK$ENGL:[ACAREYWE.WWW] READINGLIST.HTML;7
2001.02.26 15:41 B C:\Documents and Settings\Administrator\My Documents\Careywebb\WWW\SAMPLERESUME.PDF <-- careywebb DISK$ENGL:[ACAREYWE.WWW] SAMPLERESUME.PDF;1
2001.02.26 15:41 B C:\Documents and Settings\Administrator\My Documents\Careywebb\WWW\SANTANDER.HTML <-- careywebb DISK$ENGL:[ACAREYWE.WWW] SANTANDER.HTML;3
2001.02.26 15:41 B C:\Documents and Settings\Administrator\My Documents\Careywebb\WWW\SECRETCODE.HTML <-- careywebb DISK$ENGL:[ACAREYWE.WWW] SECRETCODE.HTML;3
2001.02.26 15:41 B C:\Documents and Settings\Administrator\My Documents\Careywebb\WWW\SIG.GIF <-- careywebb DISK$ENGL:[ACAREYWE.WWW] SIG.GIF;2
2001.02.26 15:41 B C:\Documents and Settings\Administrator\My Documents\Careywebb\WWW\TAJ.HTML <-- careywebb DISK$ENGL:[ACAREYWE.WWW] TAJ.HTML;2
2001.02.26 15:41 B C:\Documents and Settings\Administrator\My Documents\Careywebb\WWW\TECHTEACH.HTML <-- careywebb DISK$ENGL:[ACAREYWE.WWW] TECHTEACH.HTML;3
2001.02.26 15:41 B C:\Documents and Settings\Administrator\My Documents\Careywebb\WWW\TECHTEACHCHATS.HTML <-- careywebb DISK$ENGL:[ACAREYWE.WWW] TECHTEACHCHATS.HTML;3
2001.02.26 15:41 B C:\Documents and Settings\Administrator\My Documents\Careywebb\WWW\TECHTEACHCONSITE.HTML <-- careywebb DISK$ENGL:[ACAREYWE.WWW] TECHTEACHCONSITE.HTML;2
2001.02.26 15:41 B C:\Documents and Settings\Administrator\My Documents\Careywebb\WWW\TECHTEACHDISC.HTML <-- careywebb DISK$ENGL:[ACAREYWE.WWW] TECHTEACHDISC.HTML;2
2001.02.26 15:41 B C:\Documents and Settings\Administrator\My Documents\Careywebb\WWW\TECHTEACHEMAIL.HTML <-- careywebb DISK$ENGL:[ACAREYWE.WWW] TECHTEACHEMAIL.HTML;2
2001.02.26 15:41 B C:\Documents and Settings\Administrator\My Documents\Careywebb\WWW\TECHTEACHEPORT.HTML <-- careywebb DISK$ENGL:[ACAREYWE.WWW] TECHTEACHEPORT.HTML;2
2001.02.26 15:41 B C:\Documents and Settings\Administrator\My Documents\Careywebb\WWW\TECHTEACHETEXT.HTML <-- careywebb DISK$ENGL:[ACAREYWE.WWW] TECHTEACHETEXT.HTML;3
2001.02.26 15:41 B C:\Documents and Settings\Administrator\My Documents\Careywebb\WWW\TECHTEACHINTER.HTML <-- careywebb DISK$ENGL:[ACAREYWE.WWW] TECHTEACHINTER.HTML;2
2001.02.26 15:41 B C:\Documents and Settings\Administrator\My Documents\Careywebb\WWW\TECHTEACHPRESENT.HTML <-- careywebb DISK$ENGL:[ACAREYWE.WWW] TECHTEACHPRESENT.HTML;1
2001.02.26 15:41 B C:\Documents and Settings\Administrator\My Documents\Careywebb\WWW\TECHTEACHQUEST.HTML <-- careywebb DISK$ENGL:[ACAREYWE.WWW] TECHTEACHQUEST.HTML;2
2001.02.26 15:41 B C:\Documents and Settings\Administrator\My Documents\Careywebb\WWW\TECHTEACHSITEINFO.HTML <-- careywebb DISK$ENGL:[ACAREYWE.WWW] TECHTEACHSITEINFO.HTML;2
2001.02.26 15:41 B C:\Documents and Settings\Administrator\My Documents\Careywebb\WWW\TECHTEACHSITEINTER.HTML <-- careywebb DISK$ENGL:[ACAREYWE.WWW] TECHTEACHSITEINTER.HTML;1
2001.02.26 15:41 B C:\Documents and Settings\Administrator\My Documents\Careywebb\WWW\TECHTEACHSOFT.HTML <-- careywebb DISK$ENGL:[ACAREYWE.WWW] TECHTEACHSOFT.HTML;1
2001.02.26 15:41 B C:\Documents and Settings\Administrator\My Documents\Careywebb\WWW\TECHTEACHWEB.HTML <-- careywebb DISK$ENGL:[ACAREYWE.WWW] TECHTEACHWEB.HTML;1
2001.02.26 15:41 B C:\Documents and Settings\Administrator\My Documents\Careywebb\WWW\TEST.HTML <-- careywebb DISK$ENGL:[ACAREYWE.WWW] TEST.HTML;1
2001.02.26 15:41 B C:\Documents and Settings\Administrator\My Documents\Careywebb\WWW\THEORY.HTML <-- careywebb DISK$ENGL:[ACAREYWE.WWW] THEORY.HTML;8
2001.02.26 15:41 B C:\Documents and Settings\Administrator\My Documents\Careywebb\WWW\UP_ARROW32E6.GIF <-- careywebb DISK$ENGL:[ACAREYWE.WWW] UP_ARROW32E6.GIF;2
2001.02.26 15:41 B C:\Documents and Settings\Administrator\My Documents\Careywebb\WWW\VITA.HTML <-- careywebb DISK$ENGL:[ACAREYWE.WWW] VITA.HTML;9
2001.02.26 15:41 B C:\Documents and Settings\Administrator\My Documents\Careywebb\WWW\WEBB.HTML <-- careywebb DISK$ENGL:[ACAREYWE.WWW] WEBB.HTML;5
2001.02.26 15:41 B C:\Documents and Settings\Administrator\My Documents\Careywebb\WWW\WEBBS.JPG <-- careywebb DISK$ENGL:[ACAREYWE.WWW] WEBBS.JPG;3
2001.02.26 15:41 B C:\Documents and Settings\Administrator\My Documents\Careywebb\WWW\WINTER.HTML <-- careywebb DISK$ENGL:[ACAREYWE.WWW] WINTER.HTML;2
2001.02.26 15:41 B C:\Documents and Settings\Administrator\My Documents\Careywebb\WWW\WWWEXEC_PUT20A07E2C. <-- careywebb DISK$ENGL:[ACAREYWE.WWW] WWWEXEC_PUT20A07E2C.;2
2001.02.26 15:41 B C:\Documents and Settings\Administrator\My Documents\Careywebb\WWW\YORK.HTM <-- careywebb DISK$ENGL:[ACAREYWE.WWW] YORK.HTM;1
2001.02.26 15:41 B C:\Documents and Settings\Administrator\My Documents\Careywebb\WWW\YOURLIST.HTML <-- careywebb DISK$ENGL:[ACAREYWE.WWW] YOURLIST.HTML;3
2003.08.29 15:04 B C:\backup\My Documents\Web Sites\Careywebb\WWW\engl480.html --> vms.cc.wmich.edu /disk$engl/ACAREYWE/WWW engl480.html
2003.09.01 09:29 B C:\backup\My Documents\Web Sites\allenwebb.net\WWW\milastds.pdf --> vms.cc.wmich.edu /disk$engl/ACAREYWE milastds.pdf
2003.09.01 17:07 B C:\backup\My Documents\Web Sites\allenwebb.net\WWW\engl480.html --> vms.cc.wmich.edu /disk$engl/ACAREYWE engl480.html
2003.09.01 17:07 B C:\backup\My Documents\Web Sites\allenwebb.net\WWW\engl480confer.html --> vms.cc.wmich.edu /disk$engl/ACAREYWE engl480confer.html
2003.09.01 17:07 B C:\backup\My Documents\Web Sites\allenwebb.net\WWW\engl480sled.html --> vms.cc.wmich.edu /disk$engl/ACAREYWE engl480sled.html
2003.09.01 17:07 B C:\backup\My Documents\Web Sites\allenwebb.net\WWW\engl480final.html --> vms.cc.wmich.edu /disk$engl/ACAREYWE engl480final.html
2003.09.01 17:14 B C:\backup\My Documents\Web Sites\allenwebb.net\WWW\courses.html --> vms.cc.wmich.edu /disk$engl/ACAREYWE courses.html
2003.09.01 17:14 B C:\backup\My Documents\Web Sites\allenwebb.net\WWW\engl644.htm --> vms.cc.wmich.edu /disk$engl/ACAREYWE engl644.htm
2003.09.01 17:15 B C:\backup\My Documents\Web Sites\allenwebb.net\WWW\onlinelesson.html --> vms.cc.wmich.edu /disk$engl/ACAREYWE onlinelesson.html
2003.09.01 17:16 B C:\backup\My Documents\Web Sites\allenwebb.net\WWW\onlinelesson.html --> vms.cc.wmich.edu /disk$engl/ACAREYWE onlinelesson.html
2003.09.01 19:02 B C:\backup\My Documents\Web Sites\allenwebb.net\WWW\courses.html --> vms.cc.wmich.edu /disk$engl/ACAREYWE/WWW courses.html
2003.09.01 19:02 B C:\backup\My Documents\Web Sites\allenwebb.net\WWW\engl480.html --> vms.cc.wmich.edu /disk$engl/ACAREYWE/WWW engl480.html
2003.09.01 19:03 B C:\backup\My Documents\Web Sites\allenwebb.net\WWW\engl480confer.html --> vms.cc.wmich.edu /disk$engl/ACAREYWE/WWW engl480confer.html
2003.09.01 19:03 B C:\backup\My Documents\Web Sites\allenwebb.net\WWW\engl480sled.html --> vms.cc.wmich.edu /disk$engl/ACAREYWE/WWW engl480sled.html
2003.09.01 19:03 B C:\backup\My Documents\Web Sites\allenwebb.net\WWW\engl644.htm --> vms.cc.wmich.edu /disk$engl/ACAREYWE/WWW engl644.htm
2003.09.01 19:03 B C:\backup\My Documents\Web Sites\allenwebb.net\WWW\engl480final.html --> vms.cc.wmich.edu /disk$engl/ACAREYWE/WWW engl480final.html
2003.09.01 19:04 B C:\backup\My Documents\Web Sites\allenwebb.net\WWW\milastds.pdf --> vms.cc.wmich.edu /disk$engl/ACAREYWE/WWW milastds.pdf
2003.09.01 19:04 B C:\backup\My Documents\Web Sites\allenwebb.net\WWW\onlinelesson.html --> vms.cc.wmich.edu /disk$engl/ACAREYWE/WWW onlinelesson.html
2003.09.01 19:23 B C:\backup\My Documents\Web Sites\allenwebb.net\WWW\engl644.htm --> vms.cc.wmich.edu /disk$engl/ACAREYWE/WWW engl644.htm
2003.09.01 19:24 B C:\backup\My Documents\Web Sites\allenwebb.net\WWW\engl644.htm --> vms.cc.wmich.edu /disk$engl/ACAREYWE/WWW engl644.htm
2003.09.01 19:25 B C:\backup\My Documents\Web Sites\allenwebb.net\WWW\engl644.htm --> vms.cc.wmich.edu /disk$engl/ACAREYWE/WWW engl644.htm
2003.09.01 19:25 B C:\backup\My Documents\Web Sites\allenwebb.net\WWW\engl644.htm --> vms.cc.wmich.edu /disk$engl/ACAREYWE/WWW engl644.htm
2003.09.01 19:27 B C:\backup\My Documents\Web Sites\allenwebb.net\WWW\engl644.htm --> vms.cc.wmich.edu /disk$engl/ACAREYWE/WWW engl644.htm
2003.09.01 19:28 B C:\backup\My Documents\Web Sites\allenwebb.net\WWW\engl480.html --> vms.cc.wmich.edu /disk$engl/ACAREYWE/WWW engl480.html
2003.09.01 19:28 B C:\backup\My Documents\Web Sites\allenwebb.net\WWW\engl480.html --> vms.cc.wmich.edu /disk$engl/ACAREYWE/WWW engl480.html
2003.09.01 19:29 B C:\backup\My Documents\Web Sites\allenwebb.net\WWW\engl480.html --> vms.cc.wmich.edu /disk$engl/ACAREYWE/WWW engl480.html
2003.09.01 19:32 B C:\backup\My Documents\Web Sites\allenwebb.net\WWW\engl480.html --> vms.cc.wmich.edu /disk$engl/ACAREYWE/WWW engl480.html
2003.09.01 19:33 B C:\backup\My Documents\Web Sites\allenwebb.net\WWW\engl480.html --> vms.cc.wmich.edu /disk$engl/ACAREYWE/WWW engl480.html
2003.09.01 19:35 B C:\backup\My Documents\Web Sites\allenwebb.net\WWW\engl480.html --> vms.cc.wmich.edu /disk$engl/ACAREYWE/WWW engl480.html
2003.09.02 11:38 B C:\backup\My Documents\Web Sites\allenwebb.net\WWW\engl480.html --> vms.cc.wmich.edu /disk$engl/ACAREYWE/WWW engl480.html
2003.09.02 14:21 B C:\backup\My Documents\Web Sites\allenwebb.net\WWW\engl644.htm --> vms.cc.wmich.edu /disk$engl/ACAREYWE/WWW engl644.htm
2003.09.02 14:21 B C:\backup\My Documents\Web Sites\allenwebb.net\WWW\engl644.htm --> vms.cc.wmich.edu /disk$engl/ACAREYWE/WWW engl644.htm
2003.09.02 14:22 B C:\backup\My Documents\Web Sites\allenwebb.net\WWW\engl644.htm --> vms.cc.wmich.edu /disk$engl/ACAREYWE/WWW engl644.htm
2003.09.02 14:23 B C:\backup\My Documents\Web Sites\allenwebb.net\WWW\engl644.htm --> vms.cc.wmich.edu /disk$engl/ACAREYWE/WWW engl644.htm
2003.09.02 14:24 B C:\backup\My Documents\Web Sites\allenwebb.net\WWW\engl644.htm --> vms.cc.wmich.edu /disk$engl/ACAREYWE/WWW engl644.htm
2003.09.02 14:52 B C:\backup\My Documents\Web Sites\allenwebb.net\WWW\engl644.htm --> vms.cc.wmich.edu /disk$engl/ACAREYWE/WWW engl644.htm
2003.09.09 10:34 B C:\backup\My Documents\Web Sites\allenwebb.net\WWW\engl480.html --> vms.cc.wmich.edu /disk$engl/ACAREYWE/WWW engl480.html
2003.09.09 10:34 B C:\backup\My Documents\Web Sites\allenwebb.net\WWW\webresources.html --> vms.cc.wmich.edu /disk$engl/ACAREYWE/WWW webresources.html
2003.09.09 16:54 B C:\backup\My Documents\Web Sites\allenwebb.net\WWW\engl480.html --> vms.cc.wmich.edu /disk$engl/ACAREYWE/WWW engl480.html
2003.09.09 16:56 B C:\backup\My Documents\Web Sites\allenwebb.net\WWW\engl480confer.html --> vms.cc.wmich.edu /disk$engl/ACAREYWE/WWW engl480confer.html
2003.09.09 16:56 B C:\backup\My Documents\Web Sites\allenwebb.net\WWW\engl480final.html --> vms.cc.wmich.edu /disk$engl/ACAREYWE/WWW engl480final.html
2003.09.09 16:56 B C:\backup\My Documents\Web Sites\allenwebb.net\WWW\engl480sled.html --> vms.cc.wmich.edu /disk$engl/ACAREYWE/WWW engl480sled.html
2003.09.09 16:58 B C:\backup\My Documents\Web Sites\allenwebb.net\WWW\engl480final.html --> vms.cc.wmich.edu /disk$engl/ACAREYWE/WWW engl480final.html
2003.09.09 16:59 B C:\backup\My Documents\Web Sites\allenwebb.net\WWW\engl480final.html --> vms.cc.wmich.edu /disk$engl/ACAREYWE/WWW engl480final.html
2003.09.09 17:00 B C:\backup\My Documents\Web Sites\allenwebb.net\WWW\engl480final.html --> vms.cc.wmich.edu /disk$engl/ACAREYWE/WWW engl480final.html
2003.09.21 12:24 B C:\backup\My Documents\Web Sites\allenwebb.net\WWW\engl480.html --> vms.cc.wmich.edu /disk$engl/ACAREYWE/WWW engl480.html
2003.10.02 15:22 B C:\backup\My Documents\Web Sites\allenwebb.net\WWW\africanlit.html --> vms.cc.wmich.edu /disk$engl/ACAREYWE/WWW africanlit.html
2003.10.02 15:23 B C:\backup\My Documents\Web Sites\allenwebb.net\WWW\africanlit.htm --> vms.cc.wmich.edu /disk$engl/ACAREYWE/WWW africanlit.htm
2003.10.02 15:23 B C:\backup\My Documents\Web Sites\allenwebb.net\WWW\africanlit.html --> vms.cc.wmich.edu /disk$engl/ACAREYWE/WWW africanlit.html
2003.10.02 15:24 B C:\backup\My Documents\Web Sites\allenwebb.net\WWW\africanlit.htm --> vms.cc.wmich.edu /disk$engl/ACAREYWE/WWW africanlit.htm
2003.10.02 15:24 B C:\backup\My Documents\Web Sites\allenwebb.net\WWW\africanlit.html --> vms.cc.wmich.edu /disk$engl/ACAREYWE/WWW africanlit.html
2003.10.02 15:25 B C:\backup\My Documents\Web Sites\allenwebb.net\WWW\literatureteachingresources.html --> vms.cc.wmich.edu /disk$engl/ACAREYWE/WWW literatureteachingresources.html
2003.12.06 16:21 B C:\Documents and Settings\Administrator\My Documents\Web Sites\allenwebb.net\WWW\engl314.html --> vms.cc.wmich.edu /disk$engl/ACAREYWE/WWW engl314.html
2003.12.15 10:28 B C:\Documents and Settings\Administrator\My Documents\Web Sites\allenwebb.net\WWW\jobadvice.html --> vms.cc.wmich.edu /disk$engl/ACAREYWE/WWW jobadvice.html
2003.12.15 10:29 B C:\Documents and Settings\Administrator\My Documents\Web Sites\allenwebb.net\WWW\index.html --> vms.cc.wmich.edu /disk$engl/ACAREYWE/WWW index.html
2004.01.04 19:04 B C:\Documents and Settings\Administrator\My Documents\Web Sites\allenwebb.net\WWW\314classparticipation.html --> vms.cc.wmich.edu /disk$engl/ACAREYWE/WWW 314classparticipation.html
2004.01.04 19:04 B C:\Documents and Settings\Administrator\My Documents\Web Sites\allenwebb.net\WWW\314counterpartassignment.html --> vms.cc.wmich.edu /disk$engl/ACAREYWE/WWW 314counterpartassignment.html
2004.01.04 19:04 B C:\Documents and Settings\Administrator\My Documents\Web Sites\allenwebb.net\WWW\314finalproject.html --> vms.cc.wmich.edu /disk$engl/ACAREYWE/WWW 314finalproject.html
2004.01.04 19:04 B C:\Documents and Settings\Administrator\My Documents\Web Sites\allenwebb.net\WWW\314litcircle.html --> vms.cc.wmich.edu /disk$engl/ACAREYWE/WWW 314litcircle.html
2004.01.04 19:04 B C:\Documents and Settings\Administrator\My Documents\Web Sites\allenwebb.net\WWW\314midterm.html --> vms.cc.wmich.edu /disk$engl/ACAREYWE/WWW 314midterm.html
2004.01.04 19:04 B C:\Documents and Settings\Administrator\My Documents\Web Sites\allenwebb.net\WWW\314thingsfallapartessay.html --> vms.cc.wmich.edu /disk$engl/ACAREYWE/WWW 314thingsfallapartessay.html
2004.01.04 19:06 B C:\Documents and Settings\Administrator\My Documents\Web Sites\allenwebb.net\WWW\engl314.html --> vms.cc.wmich.edu /disk$engl/ACAREYWE/WWW engl314.html
2004.01.04 20:13 B C:\Documents and Settings\Administrator\My Documents\Web Sites\allenwebb.net\WWW\314litcircle.html --> vms.cc.wmich.edu /disk$engl/ACAREYWE/WWW 314litcircle.html
2004.01.04 20:14 B C:\Documents and Settings\Administrator\My Documents\Web Sites\allenwebb.net\WWW\honestypolicy.html --> vms.cc.wmich.edu /disk$engl/ACAREYWE/WWW honestypolicy.html
2004.01.04 20:14 B C:\Documents and Settings\Administrator\My Documents\Web Sites\allenwebb.net\WWW\earlyafricanhistory.html --> vms.cc.wmich.edu /disk$engl/ACAREYWE/WWW earlyafricanhistory.html
2004.01.04 20:21 B C:\Documents and Settings\Administrator\My Documents\Web Sites\allenwebb.net\WWW\modernafricanhistory.html --> vms.cc.wmich.edu /disk$engl/ACAREYWE/WWW modernafricanhistory.html
2004.01.04 20:21 B C:\Documents and Settings\Administrator\My Documents\Web Sites\allenwebb.net\WWW\briefbackgroundafricanlit.html --> vms.cc.wmich.edu /disk$engl/ACAREYWE/WWW briefbackgroundafricanlit.html
2004.01.04 20:21 B C:\Documents and Settings\Administrator\My Documents\Web Sites\allenwebb.net\WWW\courses.html --> vms.cc.wmich.edu /disk$engl/ACAREYWE/WWW courses.html
2004.01.04 20:23 B C:\Documents and Settings\Administrator\My Documents\Web Sites\allenwebb.net\WWW\engl314.html --> vms.cc.wmich.edu /disk$engl/ACAREYWE/WWW/IMAGES engl314.html
2004.01.04 20:25 B C:\Documents and Settings\Administrator\My Documents\Web Sites\allenwebb.net\WWW\314litcircles.html --> vms.cc.wmich.edu /disk$engl/ACAREYWE/WWW/IMAGES 314litcircles.html
2004.01.04 21:46 B C:\Documents and Settings\Administrator\My Documents\Web Sites\allenwebb.net\WWW\engl314.html --> vms.cc.wmich.edu /disk$engl/ACAREYWE/WWW engl314.html
2004.01.04 21:47 B C:\Documents and Settings\Administrator\My Documents\Web Sites\allenwebb.net\WWW\literaturecircleapplication.pdf --> vms.cc.wmich.edu /disk$engl/ACAREYWE/WWW literaturecircleapplication.pdf
2004.01.04 21:47 B C:\Documents and Settings\Administrator\My Documents\Web Sites\allenwebb.net\WWW\314litcircles.html --> vms.cc.wmich.edu /disk$engl/ACAREYWE/WWW 314litcircles.html
2004.01.04 21:48 B C:\Documents and Settings\Administrator\My Documents\Web Sites\allenwebb.net\WWW\coursesinafricanliterature.html --> vms.cc.wmich.edu /disk$engl/ACAREYWE/WWW coursesinafricanliterature.html
2004.01.04 21:51 B C:\Documents and Settings\Administrator\My Documents\Web Sites\allenwebb.net\WWW\engl314.html --> vms.cc.wmich.edu /disk$engl/ACAREYWE/WWW engl314.html
2004.01.04 22:09 B C:\Documents and Settings\Administrator\My Documents\Web Sites\allenwebb.net\WWW\engl314.html --> vms.cc.wmich.edu /disk$engl/ACAREYWE/WWW engl314.html
2004.01.04 22:12 B C:\Documents and Settings\Administrator\My Documents\Web Sites\allenwebb.net\WWW\engl314.html --> vms.cc.wmich.edu /disk$engl/ACAREYWE/WWW engl314.html
2004.01.04 22:12 B C:\Documents and Settings\Administrator\My Documents\Web Sites\allenwebb.net\WWW\engl314.html --> vms.cc.wmich.edu /disk$engl/ACAREYWE/WWW engl314.html
2004.01.04 22:51 B C:\Documents and Settings\Administrator\My Documents\Web Sites\allenwebb.net\WWW\coursesinafricanliterature.html --> vms.cc.wmich.edu /disk$engl/ACAREYWE/WWW coursesinafricanliterature.html
2004.01.04 23:15 B C:\Documents and Settings\Administrator\My Documents\Web Sites\allenwebb.net\WWW\engl314.html --> vms.cc.wmich.edu /disk$engl/ACAREYWE/WWW engl314.html
2004.01.04 23:15 B C:\Documents and Settings\Administrator\My Documents\Web Sites\allenwebb.net\WWW\coursesinafricanliterature.html --> vms.cc.wmich.edu /disk$engl/ACAREYWE/WWW coursesinafricanliterature.html
2004.01.05 15:07 B C:\Documents and Settings\Administrator\My Documents\Web Sites\allenwebb.net\WWW\314articles.html --> vms.cc.wmich.edu /disk$engl/ACAREYWE/WWW 314articles.html
2004.01.05 15:07 B C:\Documents and Settings\Administrator\My Documents\Web Sites\allenwebb.net\WWW\engl314.html --> vms.cc.wmich.edu /disk$engl/ACAREYWE/WWW engl314.html
2004.01.05 15:14 B C:\Documents and Settings\Administrator\My Documents\Web Sites\allenwebb.net\WWW\engl314.html --> vms.cc.wmich.edu /disk$engl/ACAREYWE/WWW engl314.html
2004.01.05 17:00 B C:\Documents and Settings\Administrator\My Documents\Web Sites\allenwebb.net\WWW\engl314.html --> vms.cc.wmich.edu /disk$engl/ACAREYWE/WWW engl314.html
2004.01.05 17:37 B C:\Documents and Settings\Administrator\My Documents\Web Sites\allenwebb.net\WWW\engl314.html --> vms.cc.wmich.edu /disk$engl/ACAREYWE/WWW engl314.html
2004.01.08 18:08 B C:\Documents and Settings\Administrator\My Documents\Web Sites\allenwebb.net\WWW\engl680.html --> vms.cc.wmich.edu /disk$engl/ACAREYWE/WWW engl680.html
2004.01.08 18:09 B C:\Documents and Settings\Administrator\My Documents\Web Sites\allenwebb.net\WWW\earlyafricanhistory.html --> vms.cc.wmich.edu /disk$engl/ACAREYWE/WWW earlyafricanhistory.html
2004.01.14 23:14 B C:\Documents and Settings\Administrator\My Documents\Web Sites\allenwebb.net\WWW\engl314.html --> vms.cc.wmich.edu /disk$engl/ACAREYWE/WWW engl314.html
2004.01.29 18:11 B C:\Documents and Settings\Administrator\My Documents\Web Sites\allenwebb.net\WWW\engl680.html --> vms.cc.wmich.edu /disk$engl/ACAREYWE/WWW engl680.html
2004.02.17 09:06 B C:\Documents and Settings\Administrator\My Documents\Web Sites\allenwebb.net\WWW\engl314.html --> vms.cc.wmich.edu /disk$engl/ACAREYWE/WWW engl314.html
2004.02.25 22:03 B C:\Documents and Settings\Administrator\My Documents\Web Sites\allenwebb.net\WWW\engl680.html --> vms.cc.wmich.edu /disk$engl/ACAREYWE/WWW engl680.html
2004.02.25 22:04 B C:\Documents and Settings\Administrator\My Documents\Web Sites\allenwebb.net\WWW\engl680sites.html --> vms.cc.wmich.edu /disk$engl/ACAREYWE/WWW engl680sites.html
2004.02.25 22:05 B C:\Documents and Settings\Administrator\My Documents\Web Sites\allenwebb.net\WWW\engl680sites.html --> vms.cc.wmich.edu /disk$engl/ACAREYWE/WWW engl680sites.html
2004.02.25 22:06 B C:\Documents and Settings\Administrator\My Documents\Web Sites\allenwebb.net\WWW\engl680sites.html --> vms.cc.wmich.edu /disk$engl/ACAREYWE/WWW engl680sites.html
2004.02.25 22:07 B C:\Documents and Settings\Administrator\My Documents\Web Sites\allenwebb.net\WWW\engl680sites.html --> vms.cc.wmich.edu /disk$engl/ACAREYWE/WWW engl680sites.html
2004.02.25 22:08 B C:\Documents and Settings\Administrator\My Documents\Web Sites\allenwebb.net\WWW\engl680sites.html --> vms.cc.wmich.edu /disk$engl/ACAREYWE/WWW engl680sites.html
2004.02.25 22:09 B C:\Documents and Settings\Administrator\My Documents\Web Sites\allenwebb.net\WWW\engl680sites.html --> vms.cc.wmich.edu /disk$engl/ACAREYWE/WWW engl680sites.html
2004.02.25 22:10 B C:\Documents and Settings\Administrator\My Documents\Web Sites\allenwebb.net\WWW\engl680sites.html --> vms.cc.wmich.edu /disk$engl/ACAREYWE/WWW engl680sites.html
2004.02.26 13:35 B C:\Documents and Settings\Administrator\My Documents\Web Sites\allenwebb.net\WWW\engl680sites.html --> vms.cc.wmich.edu /disk$engl/ACAREYWE/WWW engl680sites.html
2004.02.26 13:36 B C:\Documents and Settings\Administrator\My Documents\Web Sites\allenwebb.net\WWW\engl680.html --> vms.cc.wmich.edu /disk$engl/ACAREYWE/WWW engl680.html
2004.02.26 13:37 B C:\Documents and Settings\Administrator\My Documents\Web Sites\allenwebb.net\WWW\engl680.html --> vms.cc.wmich.edu /disk$engl/ACAREYWE/WWW engl680.html
2004.02.26 13:37 B C:\Documents and Settings\Administrator\My Documents\Web Sites\allenwebb.net\WWW\engl680.html --> vms.cc.wmich.edu /disk$engl/ACAREYWE/WWW engl680.html
2004.03.17 22:02 B C:\Documents and Settings\Administrator\My Documents\Web Sites\allenwebb.net\WWW\archives.html --> vms.cc.wmich.edu /disk$engl/ACAREYWE/WWW archives.html
2004.03.17 22:02 B C:\Documents and Settings\Administrator\My Documents\Web Sites\allenwebb.net\WWW\index.html --> vms.cc.wmich.edu /disk$engl/ACAREYWE/WWW index.html
2004.03.17 22:25 B C:\Documents and Settings\Administrator\My Documents\Web Sites\allenwebb.net\WWW\archives.html --> vms.cc.wmich.edu /disk$engl/ACAREYWE/WWW archives.html
2004.03.18 15:22 B C:\Documents and Settings\Administrator\My Documents\Web Sites\allenwebb.net\WWW\archives.html --> vms.cc.wmich.edu /disk$engl/ACAREYWE/WWW archives.html
2004.03.18 15:22 B C:\Documents and Settings\Administrator\My Documents\Web Sites\allenwebb.net\WWW\literatureteachingresources.html --> vms.cc.wmich.edu /disk$engl/ACAREYWE/WWW literatureteachingresources.html
2004.03.18 15:53 B C:\Documents and Settings\Administrator\My Documents\Web Sites\allenwebb.net\WWW\archives.html --> vms.cc.wmich.edu /disk$engl/ACAREYWE/WWW archives.html
2004.04.08 14:49 B C:\Documents and Settings\Administrator\My Documents\Web Sites\allenwebb.net\WWW\314selfevalutation.pdf --> tigger.cc.wmich.edu /disk$engl/ACAREYWE/WWW 314selfevalutation.pdf
2004.04.08 14:49 B C:\Documents and Settings\Administrator\My Documents\Web Sites\allenwebb.net\WWW\314classparticipation.html --> tigger.cc.wmich.edu /disk$engl/ACAREYWE/WWW 314classparticipation.html
2004.04.08 14:49 B C:\Documents and Settings\Administrator\My Documents\Web Sites\allenwebb.net\WWW\engl314.html --> tigger.cc.wmich.edu /disk$engl/ACAREYWE/WWW engl314.html
2004.04.08 14:50 B C:\Documents and Settings\Administrator\My Documents\Web Sites\allenwebb.net\WWW\314selfevalutation.pdf --> tigger.cc.wmich.edu /disk$engl/ACAREYWE/WWW 314selfevalutation.pdf
2004.04.08 15:12 B C:\Documents and Settings\Administrator\My Documents\Web Sites\allenwebb.net\WWW\314selfevalutation.doc --> tigger.cc.wmich.edu /disk$engl/ACAREYWE/WWW 314selfevalutation.doc
2004.04.08 15:12 B C:\Documents and Settings\Administrator\My Documents\Web Sites\allenwebb.net\WWW\314selfevalutation.htm --> tigger.cc.wmich.edu /disk$engl/ACAREYWE/WWW 314selfevalutation.htm
2004.04.08 15:12 B C:\Documents and Settings\Administrator\My Documents\Web Sites\allenwebb.net\WWW\314selfevalutation.pdf --> tigger.cc.wmich.edu /disk$engl/ACAREYWE/WWW 314selfevalutation.pdf
2004.04.08 15:12 B C:\Documents and Settings\Administrator\My Documents\Web Sites\allenwebb.net\WWW\engl314.html --> tigger.cc.wmich.edu /disk$engl/ACAREYWE/WWW engl314.html
2004.04.08 15:15 B C:\Documents and Settings\Administrator\My Documents\Web Sites\allenwebb.net\WWW\engl314.html --> tigger.cc.wmich.edu /disk$engl/ACAREYWE/WWW engl314.html
2004.04.08 15:23 B C:\Documents and Settings\Administrator\My Documents\Web Sites\allenwebb.net\WWW\314classparticipationeval.html --> tigger.cc.wmich.edu /disk$engl/ACAREYWE/WWW 314classparticipationeval.html
2004.04.08 15:24 B C:\Documents and Settings\Administrator\My Documents\Web Sites\allenwebb.net\WWW\engl314.html --> tigger.cc.wmich.edu /disk$engl/ACAREYWE/WWW engl314.html
2004.04.30 16:24 B C:\Documents and Settings\Administrator\My Documents\Web Sites\allenwebb.net\WWW\engl480.html --> tigger.cc.wmich.edu /disk$engl/ACAREYWE/WWW engl480.html
2004.04.30 16:24 B C:\Documents and Settings\Administrator\My Documents\Web Sites\allenwebb.net\WWW\engl480confer.html --> tigger.cc.wmich.edu /disk$engl/ACAREYWE/WWW engl480confer.html
2004.04.30 16:24 B C:\Documents and Settings\Administrator\My Documents\Web Sites\allenwebb.net\WWW\engl480final.html --> tigger.cc.wmich.edu /disk$engl/ACAREYWE/WWW engl480final.html
2004.04.30 16:25 B C:\Documents and Settings\Administrator\My Documents\Web Sites\allenwebb.net\WWW\litlesson.html --> tigger.cc.wmich.edu /disk$engl/ACAREYWE/WWW litlesson.html
2004.04.30 16:41 B C:\Documents and Settings\Administrator\My Documents\Web Sites\allenwebb.net\WWW\engl480.html --> tigger.cc.wmich.edu /disk$engl/ACAREYWE/WWW engl480.html
2004.04.30 16:42 B C:\Documents and Settings\Administrator\My Documents\Web Sites\allenwebb.net\WWW\engl480.html --> tigger.cc.wmich.edu /disk$engl/ACAREYWE/WWW engl480.html
2004.04.30 16:50 B C:\Documents and Settings\Administrator\My Documents\Web Sites\allenwebb.net\WWW\engl480.html --> tigger.cc.wmich.edu /disk$engl/ACAREYWE/WWW engl480.html
2004.04.30 17:21 B C:\Documents and Settings\Administrator\My Documents\Web Sites\allenwebb.net\WWW\methodscourses.html --> tigger.cc.wmich.edu /disk$engl/ACAREYWE/WWW methodscourses.html
2004.04.30 17:24 B C:\Documents and Settings\Administrator\My Documents\Web Sites\allenwebb.net\WWW\methodscourses.html --> tigger.cc.wmich.edu /disk$engl/ACAREYWE/WWW methodscourses.html
2004.04.30 18:27 B C:\Documents and Settings\Administrator\My Documents\Web Sites\allenwebb.net\WWW\methodscourses.html --> tigger.cc.wmich.edu /disk$engl/ACAREYWE/WWW methodscourses.html
2004.05.03 11:32 B C:\Documents and Settings\Administrator\My Documents\Web Sites\allenwebb.net\WWW\courses.html --> tigger.cc.wmich.edu /disk$engl/ACAREYWE/WWW courses.html
2004.05.27 20:29 B C:\Documents and Settings\Administrator\My Documents\Web Sites\allenwebb.net\WWW\raisingteenagers.html --> tigger.cc.wmich.edu /disk$engl/ACAREYWE/WWW raisingteenagers.html
2004.05.27 20:30 B C:\Documents and Settings\Administrator\My Documents\Web Sites\allenwebb.net\WWW\raisingteenagers.html --> tigger.cc.wmich.edu /disk$engl/ACAREYWE/WWW raisingteenagers.html
2004.05.29 18:43 B C:\Documents and Settings\Administrator\My Documents\Web Sites\allenwebb.net\WWW\raisingteenagers.html --> tigger.cc.wmich.edu /disk$engl/ACAREYWE/WWW raisingteenagers.html
