2001.02.26 15:40 B C:\Documents and Settings\Administrator\My Documents\Careywebb\WWW\IMAGES\ALLEN.JPG <-- careywebb DISK$ENGL:[ACAREYWE.WWW.IMAGES] ALLEN.JPG;2
2001.02.26 15:40 B C:\Documents and Settings\Administrator\My Documents\Careywebb\WWW\IMAGES\ALLEN2-99.JPG <-- careywebb DISK$ENGL:[ACAREYWE.WWW.IMAGES] ALLEN2-99.JPG;1
2001.02.26 15:40 B C:\Documents and Settings\Administrator\My Documents\Careywebb\WWW\IMAGES\ALLEN2.JPG <-- careywebb DISK$ENGL:[ACAREYWE.WWW.IMAGES] ALLEN2.JPG;2
2001.02.26 15:40 B C:\Documents and Settings\Administrator\My Documents\Careywebb\WWW\IMAGES\ALLEN99.JPG <-- careywebb DISK$ENGL:[ACAREYWE.WWW.IMAGES] ALLEN99.JPG;1
2001.02.26 15:40 B C:\Documents and Settings\Administrator\My Documents\Careywebb\WWW\IMAGES\ARTIST.JPG <-- careywebb DISK$ENGL:[ACAREYWE.WWW.IMAGES] ARTIST.JPG;2
2001.02.26 15:40 B C:\Documents and Settings\Administrator\My Documents\Careywebb\WWW\IMAGES\BOOKS.GIF <-- careywebb DISK$ENGL:[ACAREYWE.WWW.IMAGES] BOOKS.GIF;1
2001.02.26 15:40 B C:\Documents and Settings\Administrator\My Documents\Careywebb\WWW\IMAGES\BRINKLEY.JPG <-- careywebb DISK$ENGL:[ACAREYWE.WWW.IMAGES] BRINKLEY.JPG;1
2001.02.26 15:40 B C:\Documents and Settings\Administrator\My Documents\Careywebb\WWW\IMAGES\COMPUTER.GIF <-- careywebb DISK$ENGL:[ACAREYWE.WWW.IMAGES] COMPUTER.GIF;1
2001.02.26 15:40 B C:\Documents and Settings\Administrator\My Documents\Careywebb\WWW\IMAGES\ENGL539.HTML <-- careywebb DISK$ENGL:[ACAREYWE.WWW.IMAGES] ENGL539.HTML;3
2001.02.26 15:40 B C:\Documents and Settings\Administrator\My Documents\Careywebb\WWW\IMAGES\FAMILY99.JPG <-- careywebb DISK$ENGL:[ACAREYWE.WWW.IMAGES] FAMILY99.JPG;1
2001.02.26 15:40 B C:\Documents and Settings\Administrator\My Documents\Careywebb\WWW\IMAGES\FLECK.GIF <-- careywebb DISK$ENGL:[ACAREYWE.WWW.IMAGES] FLECK.GIF;3
2001.02.26 15:41 B C:\Documents and Settings\Administrator\My Documents\Careywebb\WWW\IMAGES\IMAGINE.JPG <-- careywebb DISK$ENGL:[ACAREYWE.WWW.IMAGES] IMAGINE.JPG;1
2001.02.26 15:41 B C:\Documents and Settings\Administrator\My Documents\Careywebb\WWW\IMAGES\MAIL.GIF <-- careywebb DISK$ENGL:[ACAREYWE.WWW.IMAGES] MAIL.GIF;1
2001.02.26 15:41 B C:\Documents and Settings\Administrator\My Documents\Careywebb\WWW\IMAGES\MOUNTAIN.GIF <-- careywebb DISK$ENGL:[ACAREYWE.WWW.IMAGES] MOUNTAIN.GIF;2
2001.02.26 15:41 B C:\Documents and Settings\Administrator\My Documents\Careywebb\WWW\IMAGES\MOUNTAIN.JPG <-- careywebb DISK$ENGL:[ACAREYWE.WWW.IMAGES] MOUNTAIN.JPG;1
2001.02.26 15:41 B C:\Documents and Settings\Administrator\My Documents\Careywebb\WWW\IMAGES\MOUNTAIN2.JPG <-- careywebb DISK$ENGL:[ACAREYWE.WWW.IMAGES] MOUNTAIN2.JPG;1
2001.02.26 15:41 B C:\Documents and Settings\Administrator\My Documents\Careywebb\WWW\IMAGES\NEW.GIF <-- careywebb DISK$ENGL:[ACAREYWE.WWW.IMAGES] NEW.GIF;1
2001.02.26 15:41 B C:\Documents and Settings\Administrator\My Documents\Careywebb\WWW\IMAGES\PAGES.GIF <-- careywebb DISK$ENGL:[ACAREYWE.WWW.IMAGES] PAGES.GIF;1
2001.02.26 15:41 B C:\Documents and Settings\Administrator\My Documents\Careywebb\WWW\IMAGES\PT3.GIF <-- careywebb DISK$ENGL:[ACAREYWE.WWW.IMAGES] PT3.GIF;1
2001.02.26 15:41 B C:\Documents and Settings\Administrator\My Documents\Careywebb\WWW\IMAGES\ROMANO.JPG <-- careywebb DISK$ENGL:[ACAREYWE.WWW.IMAGES] ROMANO.JPG;1
2001.02.26 15:41 B C:\Documents and Settings\Administrator\My Documents\Careywebb\WWW\IMAGES\SIG.GIF <-- careywebb DISK$ENGL:[ACAREYWE.WWW.IMAGES] SIG.GIF;2
2001.02.26 15:41 B C:\Documents and Settings\Administrator\My Documents\Careywebb\WWW\IMAGES\TQ.GIF <-- careywebb DISK$ENGL:[ACAREYWE.WWW.IMAGES] TQ.GIF;1
2001.02.26 15:41 B C:\Documents and Settings\Administrator\My Documents\Careywebb\WWW\IMAGES\UP_ARROW32E6.GIF <-- careywebb DISK$ENGL:[ACAREYWE.WWW.IMAGES] UP_ARROW32E6.GIF;1
2001.02.26 15:41 B C:\Documents and Settings\Administrator\My Documents\Careywebb\WWW\IMAGES\UPARROW. <-- careywebb DISK$ENGL:[ACAREYWE.WWW.IMAGES] UPARROW.;1
2001.02.26 15:41 B C:\Documents and Settings\Administrator\My Documents\Careywebb\WWW\IMAGES\UPARROW.GIF <-- careywebb DISK$ENGL:[ACAREYWE.WWW.IMAGES] UPARROW.GIF;1
2001.02.26 15:41 B C:\Documents and Settings\Administrator\My Documents\Careywebb\WWW\IMAGES\WEBBS.JPG <-- careywebb DISK$ENGL:[ACAREYWE.WWW.IMAGES] WEBBS.JPG;2
2004.01.04 19:05 B C:\Documents and Settings\Administrator\My Documents\Web Sites\allenwebb.net\WWW\IMAGES\africa.gif --> vms.cc.wmich.edu /disk$engl/ACAREYWE/WWW/IMAGES africa.gif
2004.01.04 19:05 B C:\Documents and Settings\Administrator\My Documents\Web Sites\allenwebb.net\WWW\IMAGES\baobab.jpeg --> vms.cc.wmich.edu /disk$engl/ACAREYWE/WWW/IMAGES baobab.jpeg
2004.01.04 19:05 B C:\Documents and Settings\Administrator\My Documents\Web Sites\allenwebb.net\WWW\IMAGES\baobob.jpg --> vms.cc.wmich.edu /disk$engl/ACAREYWE/WWW/IMAGES baobob.jpg
2004.01.04 20:13 B C:\Documents and Settings\Administrator\My Documents\Web Sites\allenwebb.net\WWW\IMAGES\filmfestival.jpeg --> vms.cc.wmich.edu /disk$engl/ACAREYWE/WWW/IMAGES filmfestival.jpeg
2004.01.04 20:22 B C:\Documents and Settings\Administrator\My Documents\Web Sites\allenwebb.net\WWW\IMAGES\filmfestival.jpeg --> vms.cc.wmich.edu /disk$engl/ACAREYWE/WWW/IMAGES filmfestival.jpeg
2004.01.05 15:08 B C:\Documents and Settings\Administrator\My Documents\Web Sites\allenwebb.net\WWW\IMAGES\bowl.jpeg --> vms.cc.wmich.edu /disk$engl/ACAREYWE/WWW/IMAGES bowl.jpeg
2004.01.05 15:08 B C:\Documents and Settings\Administrator\My Documents\Web Sites\allenwebb.net\WWW\IMAGES\drum.jpeg --> vms.cc.wmich.edu /disk$engl/ACAREYWE/WWW/IMAGES drum.jpeg
2004.01.05 15:08 B C:\Documents and Settings\Administrator\My Documents\Web Sites\allenwebb.net\WWW\IMAGES\school.jpeg --> vms.cc.wmich.edu /disk$engl/ACAREYWE/WWW/IMAGES school.jpeg
2004.01.05 15:09 B C:\Documents and Settings\Administrator\My Documents\Web Sites\allenwebb.net\WWW\IMAGES\writingboard.jpeg --> vms.cc.wmich.edu /disk$engl/ACAREYWE/WWW/IMAGES writingboard.jpeg
2004.01.05 15:11 B C:\Documents and Settings\Administrator\My Documents\Web Sites\allenwebb.net\WWW\IMAGES\head.jpeg --> vms.cc.wmich.edu /disk$engl/ACAREYWE/WWW/IMAGES head.jpeg
2004.05.29 18:44 B C:\Documents and Settings\Administrator\My Documents\Web Sites\allenwebb.net\WWW\IMAGES\natejess04.gif --> tigger.cc.wmich.edu /disk$engl/ACAREYWE/WWW/IMAGES natejess04.gif
2004.05.29 18:44 B C:\Documents and Settings\Administrator\My Documents\Web Sites\allenwebb.net\WWW\IMAGES\natejess88.gif --> tigger.cc.wmich.edu /disk$engl/ACAREYWE/WWW/IMAGES natejess88.gif
